2019-10-24 21:59:33.939  INFO 23757 --- [main] c.s.S.SearchFoodApplication              : Starting SearchFoodApplication on eason-P15FV2 with PID 23757 (/home/eason/Desktop/WorkPlace/Project/SearchFoodBackend/target/classes started by eason in /home/eason/Desktop/WorkPlace/Project/SearchFoodBackend)
2019-10-24 21:59:33.943  INFO 23757 --- [main] c.s.S.SearchFoodApplication              : No active profile set, falling back to default profiles: default
2019-10-24 21:59:34.945  INFO 23757 --- [main] trationDelegate$BeanPostProcessorChecker : Bean 'org.springframework.transaction.annotation.ProxyTransactionManagementConfiguration' of type [org.springframework.transaction.annotation.ProxyTransactionManagementConfiguration$$EnhancerBySpringCGLIB$$69e69ea6] is not eligible for getting processed by all BeanPostProcessors (for example: not eligible for auto-proxying)
2019-10-24 21:59:35.217  INFO 23757 --- [main] o.s.b.w.embedded.tomcat.TomcatWebServer  : Tomcat initialized with port(s): 2020 (http)
2019-10-24 21:59:35.245  INFO 23757 --- [main] o.apache.catalina.core.StandardService   : Starting service [Tomcat]
2019-10-24 21:59:35.245  INFO 23757 --- [main] org.apache.catalina.core.StandardEngine  : Starting Servlet engine: [Apache Tomcat/9.0.22]
2019-10-24 21:59:35.325  INFO 23757 --- [main] o.a.c.c.C.[Tomcat].[localhost].[/]       : Initializing Spring embedded WebApplicationContext
2019-10-24 21:59:35.325  INFO 23757 --- [main] o.s.web.context.ContextLoader            : Root WebApplicationContext: initialization completed in 1351 ms
2019-10-24 21:59:35.609  INFO 23757 --- [main] com.zaxxer.hikari.HikariDataSource       : HikariPool-1 - Starting...
2019-10-24 21:59:36.196  INFO 23757 --- [main] com.zaxxer.hikari.HikariDataSource       : HikariPool-1 - Start completed.
2019-10-24 21:59:36.664  INFO 23757 --- [main] o.s.s.concurrent.ThreadPoolTaskExecutor  : Initializing ExecutorService 'applicationTaskExecutor'
2019-10-24 21:59:37.007  INFO 23757 --- [main] o.s.b.a.e.web.EndpointLinksResolver      : Exposing 2 endpoint(s) beneath base path '/actuator'
2019-10-24 21:59:37.081  INFO 23757 --- [main] o.s.b.w.embedded.tomcat.TomcatWebServer  : Tomcat started on port(s): 2020 (http) with context path ''
2019-10-24 21:59:37.085  INFO 23757 --- [main] c.s.S.SearchFoodApplication              : Started SearchFoodApplication in 3.541 seconds (JVM running for 6.884)
2019-10-24 22:01:36.161  INFO 23757 --- [http-nio-2020-exec-1] o.a.c.c.C.[Tomcat].[localhost].[/]       : Initializing Spring DispatcherServlet 'dispatcherServlet'
2019-10-24 22:01:36.161  INFO 23757 --- [http-nio-2020-exec-1] o.s.web.servlet.DispatcherServlet        : Initializing Servlet 'dispatcherServlet'
2019-10-24 22:01:36.171  INFO 23757 --- [http-nio-2020-exec-1] o.s.web.servlet.DispatcherServlet        : Completed initialization in 9 ms
2019-10-24 22:01:36.275  INFO 23757 --- [http-nio-2020-exec-1] c.s.S.webapi.LoginController             : TESTING logging: username: Admin@testcom  password: 234#$%@
2019-10-24 22:01:36.327  INFO 23757 --- [http-nio-2020-exec-1] c.s.S.model.TokenRecordsImp              : getUsername: Admin@testcom
2019-10-24 22:01:36.327  INFO 23757 --- [http-nio-2020-exec-1] c.s.S.model.TokenRecordsImp              : Member not founded.
2019-10-24 22:01:36.327  INFO 23757 --- [http-nio-2020-exec-1] c.s.S.webapi.LoginController             : Not Founded
2019-10-24 22:01:36.329 ERROR 23757 --- [http-nio-2020-exec-1] c.s.S.u.exceptions.ControllerException   : warning:	 In ControllerException: NotFoundException
2019-10-24 22:24:15.582  INFO 23757 --- [http-nio-2020-exec-3] c.s.S.webapi.LoginController             : TESTING logging: username: Admin@testcom  password: 234#$%@
2019-10-24 22:24:15.587  INFO 23757 --- [http-nio-2020-exec-3] c.s.S.model.TokenRecordsImp              : getUsername: Admin@testcom
2019-10-24 22:24:15.588  INFO 23757 --- [http-nio-2020-exec-3] c.s.S.model.TokenRecordsImp              : Member not founded.
2019-10-24 22:24:15.588  INFO 23757 --- [http-nio-2020-exec-3] c.s.S.webapi.LoginController             : Not Founded
2019-10-24 22:24:15.589 ERROR 23757 --- [http-nio-2020-exec-3] c.s.S.u.exceptions.ControllerException   : warning:	 In ControllerException: NotFoundException
2019-10-24 22:25:41.706  INFO 23757 --- [Thread-4] o.s.s.concurrent.ThreadPoolTaskExecutor  : Shutting down ExecutorService 'applicationTaskExecutor'
2019-10-24 22:25:41.708  INFO 23757 --- [Thread-4] com.zaxxer.hikari.HikariDataSource       : HikariPool-1 - Shutdown initiated...
2019-10-24 22:25:41.716  INFO 23757 --- [Thread-4] com.zaxxer.hikari.HikariDataSource       : HikariPool-1 - Shutdown completed.
